src/App.tsx(1,1): error TS6133: 'React' is declared but its value is never read.
src/components/Graph.tsx(1,17): error TS6133: 'useState' is declared but its value is never read.
src/components/Graph.tsx(1,27): error TS6133: 'useEffect' is declared but its value is never read.
